<?xml version="1.0" encoding="UTF-8"?>
<!-- Generated by org.testng.reporters.JUnitReportReporter -->
<testsuite skipped="0" hostname="DESKTOP-6D6JBUV" name="com.inetbanking.testCases.TC_LoginTest_001" tests="1" failures="0" timestamp="2021-08-06T14:10:57 CDT" time="0.897" errors="0">
  <testcase name="loginTest" time="0.897" classname="com.inetbanking.testCases.TC_LoginTest_001"/>
  <system-out/>
</testsuite> <!-- com.inetbanking.testCases.TC_LoginTest_001 -->
